<?xml version="1.0" encoding="UTF-8"?>
<!-- Generated by org.testng.reporters.JUnitXMLReporter -->
<testsuite ignored="0" hostname="DESKTOP-R8BJFG3" failures="1" tests="1" name="chrome" time="90.286" errors="0" timestamp="04 Jan 2022 10:23:13 GMT">
  <testcase classname="testng.crossbrows" name="sample" time="90.13">
    <failure type="org.openqa.selenium.WebDriverException" message="chrome not reachable
Build info: version: &amp;apos;4.0.0-alpha-1&amp;apos;, revision: &amp;apos;d1d3728cae&amp;apos;, time: &amp;apos;2019-04-24T13:42:21&amp;apos;
System info: host: &amp;apos;DESKTOP-R8BJFG3&amp;apos;, ip: &amp;apos;192.168.42.170&amp;apos;, os.name: &amp;apos;Windows 10&amp;apos;, os.arch: &amp;apos;amd64&amp;apos;, os.version: &amp;apos;10.0&amp;apos;, java.version: &amp;apos;16.0.2&amp;apos;
Driver info: driver.version: ChromeDriver
remote stacktrace: Backtrace:
	Ordinal0 [0x01456903+2517251]
	Ordinal0 [0x013EF8E1+2095329]
	Ordinal0 [0x012F2710+1058576]
	Ordinal0 [0x012E75CE+1013198]
	Ordinal0 [0x0131056E+1181038]
	Ordinal0 [0x0130CA60+1165920]
	Ordinal0 [0x0130A2CF+1155791]
	Ordinal0 [0x0133AAAF+1354415]
	Ordinal0 [0x0133A71A+1353498]
	Ordinal0 [0x0133639B+1336219]
	Ordinal0 [0x013127A7+1189799]
	Ordinal0 [0x01313609+1193481]
	GetHandleVerifier [0x015E5904+1577972]
	GetHandleVerifier [0x01690B97+2279047]
	GetHandleVerifier [0x014E6D09+534521]
	GetHandleVerifier [0x014E5DB9+530601]
	Ordinal0 [0x013F4FF9+2117625]
	Ordinal0 [0x013F98A8+2136232]
	Ordinal0 [0x013F99E2+2136546]
	Ordinal0 [0x01403541+2176321]
	BaseThreadInitThunk [0x77420419+25]
	RtlGetAppContainerNamedObjectPath [0x77B5662D+237]
	RtlGetAppContainerNamedObjectPath [0x77B565FD+189]
">
      <![CDATA[org.openqa.selenium.WebDriverException: chrome not reachable
Build info: version: '4.0.0-alpha-1', revision: 'd1d3728cae', time: '2019-04-24T13:42:21'
System info: host: 'DESKTOP-R8BJFG3', ip: '192.168.42.170', os.name: 'Windows 10', os.arch: 'amd64', os.version: '10.0', java.version: '16.0.2'
Driver info: driver.version: ChromeDriver
remote stacktrace: Backtrace:
Ordinal0 [0x01456903+2517251]
Ordinal0 [0x013EF8E1+2095329]
Ordinal0 [0x012F2710+1058576]
Ordinal0 [0x012E75CE+1013198]
Ordinal0 [0x0131056E+1181038]
Ordinal0 [0x0130CA60+1165920]
Ordinal0 [0x0130A2CF+1155791]
Ordinal0 [0x0133AAAF+1354415]
Ordinal0 [0x0133A71A+1353498]
Ordinal0 [0x0133639B+1336219]
Ordinal0 [0x013127A7+1189799]
Ordinal0 [0x01313609+1193481]
GetHandleVerifier [0x015E5904+1577972]
GetHandleVerifier [0x01690B97+2279047]
GetHandleVerifier [0x014E6D09+534521]
GetHandleVerifier [0x014E5DB9+530601]
Ordinal0 [0x013F4FF9+2117625]
Ordinal0 [0x013F98A8+2136232]
Ordinal0 [0x013F99E2+2136546]
Ordinal0 [0x01403541+2176321]
BaseThreadInitThunk [0x77420419+25]
RtlGetAppContainerNamedObjectPath [0x77B5662D+237]
RtlGetAppContainerNamedObjectPath [0x77B565FD+189]

at org.openqa.selenium.remote.W3CHandshakeResponse.lambda$errorHandler$0(W3CHandshakeResponse.java:62)
at org.openqa.selenium.remote.HandshakeResponse.lambda$getResponseFunction$0(HandshakeResponse.java:30)
at org.openqa.selenium.remote.ProtocolHandshake.lambda$createSession$0(ProtocolHandshake.java:126)
at java.base/java.util.stream.ReferencePipeline$3$1.accept(ReferencePipeline.java:197)
at java.base/java.util.Spliterators$ArraySpliterator.tryAdvance(Spliterators.java:958)
at java.base/java.util.stream.ReferencePipeline.forEachWithCancel(ReferencePipeline.java:129)
at java.base/java.util.stream.AbstractPipeline.copyIntoWithCancel(AbstractPipeline.java:502)
at java.base/java.util.stream.AbstractPipeline.copyInto(AbstractPipeline.java:488)
at java.base/java.util.stream.AbstractPipeline.wrapAndCopyInto(AbstractPipeline.java:474)
at java.base/java.util.stream.FindOps$FindOp.evaluateSequential(FindOps.java:150)
at java.base/java.util.stream.AbstractPipeline.evaluate(AbstractPipeline.java:234)
at java.base/java.util.stream.ReferencePipeline.findFirst(ReferencePipeline.java:647)
at org.openqa.selenium.remote.ProtocolHandshake.createSession(ProtocolHandshake.java:128)
at org.openqa.selenium.remote.ProtocolHandshake.createSession(ProtocolHandshake.java:74)
at org.openqa.selenium.remote.HttpCommandExecutor.execute(HttpCommandExecutor.java:139)
at org.openqa.selenium.remote.service.DriverCommandExecutor.execute(DriverCommandExecutor.java:83)
at org.openqa.selenium.remote.RemoteWebDriver.execute(RemoteWebDriver.java:577)
at org.openqa.selenium.remote.RemoteWebDriver.startSession(RemoteWebDriver.java:211)
at org.openqa.selenium.remote.RemoteWebDriver.<init>(RemoteWebDriver.java:131)
at org.openqa.selenium.chrome.ChromeDriver.<init>(ChromeDriver.java:189)
at org.openqa.selenium.chrome.ChromeDriver.<init>(ChromeDriver.java:176)
at org.openqa.selenium.chrome.ChromeDriver.<init>(ChromeDriver.java:131)
at testng.crossbrows.sample(crossbrows.java:30)
at java.base/java.util.concurrent.FutureTask.run(FutureTask.java:264)
at java.base/java.util.concurrent.ThreadPoolExecutor.runWorker(ThreadPoolExecutor.java:1130)
at java.base/java.util.concurrent.ThreadPoolExecutor$Worker.run(ThreadPoolExecutor.java:630)
at java.base/java.lang.Thread.run(Thread.java:831)
... Removed 21 stack frames]]>
    </failure>
  </testcase> <!-- sample -->
</testsuite> <!-- chrome -->
