<?xml version="1.0" encoding="UTF-8"?>
<!-- Generated by org.testng.reporters.JUnitReportReporter -->
<testsuite hostname="DESKTOP-R8BJFG3" failures="0" tests="2" name="testng.ebay" time="85.525" errors="1" timestamp="19 Jan 2022 11:43:53 GMT" skipped="1">
  <testcase classname="testng.ebay" name="start" time="85.525">
    <error message="unknown error: DevToolsActivePort file doesn&#039;t exist
Build info: version: &#039;4.0.0-alpha-1&#039;, revision: &#039;d1d3728cae&#039;, time: &#039;2019-04-24T13:42:21&#039;
System info: host: &#039;DESKTOP-R8BJFG3&#039;, ip: &#039;192.168.42.170&#039;, os.name: &#039;Windows 10&#039;, os.arch: &#039;amd64&#039;, os.version: &#039;10.0&#039;, java.version: &#039;16.0.2&#039;
Driver info: driver.version: ChromeDriver
remote stacktrace: Backtrace:
	Ordinal0 [0x0033FDC3+2555331]
	Ordinal0 [0x002D77F1+2127857]
	Ordinal0 [0x001D2E08+1060360]
	Ordinal0 [0x001F0DC2+1183170]
	Ordinal0 [0x001ED605+1168901]
	Ordinal0 [0x001EAFC1+1159105]
	Ordinal0 [0x0021C22F+1360431]
	Ordinal0 [0x0021BE9A+1359514]
	Ordinal0 [0x00217976+1341814]
	Ordinal0 [0x001F36B6+1193654]
	Ordinal0 [0x001F4546+1197382]
	GetHandleVerifier [0x004D9622+1619522]
	GetHandleVerifier [0x0058882C+2336844]
	GetHandleVerifier [0x003D23E1+541697]
	GetHandleVerifier [0x003D1443+537699]
	Ordinal0 [0x002DD18E+2150798]
	Ordinal0 [0x002E1518+2168088]
	Ordinal0 [0x002E1660+2168416]
	Ordinal0 [0x002EB330+2208560]
	BaseThreadInitThunk [0x77310419+25]
	RtlGetAppContainerNamedObjectPath [0x77C4662D+237]
	RtlGetAppContainerNamedObjectPath [0x77C465FD+189]
	(No symbol) [0x00000000]
" type="org.openqa.selenium.WebDriverException">
      <![CDATA[org.openqa.selenium.WebDriverException: unknown error: DevToolsActivePort file doesn't exist
Build info: version: '4.0.0-alpha-1', revision: 'd1d3728cae', time: '2019-04-24T13:42:21'
System info: host: 'DESKTOP-R8BJFG3', ip: '192.168.42.170', os.name: 'Windows 10', os.arch: 'amd64', os.version: '10.0', java.version: '16.0.2'
Driver info: driver.version: ChromeDriver
remote stacktrace: Backtrace:
Ordinal0 [0x0033FDC3+2555331]
Ordinal0 [0x002D77F1+2127857]
Ordinal0 [0x001D2E08+1060360]
Ordinal0 [0x001F0DC2+1183170]
Ordinal0 [0x001ED605+1168901]
Ordinal0 [0x001EAFC1+1159105]
Ordinal0 [0x0021C22F+1360431]
Ordinal0 [0x0021BE9A+1359514]
Ordinal0 [0x00217976+1341814]
Ordinal0 [0x001F36B6+1193654]
Ordinal0 [0x001F4546+1197382]
GetHandleVerifier [0x004D9622+1619522]
GetHandleVerifier [0x0058882C+2336844]
GetHandleVerifier [0x003D23E1+541697]
GetHandleVerifier [0x003D1443+537699]
Ordinal0 [0x002DD18E+2150798]
Ordinal0 [0x002E1518+2168088]
Ordinal0 [0x002E1660+2168416]
Ordinal0 [0x002EB330+2208560]
BaseThreadInitThunk [0x77310419+25]
RtlGetAppContainerNamedObjectPath [0x77C4662D+237]
RtlGetAppContainerNamedObjectPath [0x77C465FD+189]
(No symbol) [0x00000000]

at java.base/jdk.internal.reflect.NativeConstructorAccessorImpl.newInstance0(Native Method)
at java.base/jdk.internal.reflect.NativeConstructorAccessorImpl.newInstance(NativeConstructorAccessorImpl.java:78)
at java.base/jdk.internal.reflect.DelegatingConstructorAccessorImpl.newInstance(DelegatingConstructorAccessorImpl.java:45)
at java.base/java.lang.reflect.Constructor.newInstanceWithCaller(Constructor.java:499)
at java.base/java.lang.reflect.Constructor.newInstance(Constructor.java:480)
at org.openqa.selenium.remote.W3CHandshakeResponse.lambda$errorHandler$0(W3CHandshakeResponse.java:62)
at org.openqa.selenium.remote.HandshakeResponse.lambda$getResponseFunction$0(HandshakeResponse.java:30)
at org.openqa.selenium.remote.ProtocolHandshake.lambda$createSession$0(ProtocolHandshake.java:126)
at java.base/java.util.stream.ReferencePipeline$3$1.accept(ReferencePipeline.java:197)
at java.base/java.util.Spliterators$ArraySpliterator.tryAdvance(Spliterators.java:958)
at java.base/java.util.stream.ReferencePipeline.forEachWithCancel(ReferencePipeline.java:129)
at java.base/java.util.stream.AbstractPipeline.copyIntoWithCancel(AbstractPipeline.java:502)
at java.base/java.util.stream.AbstractPipeline.copyInto(AbstractPipeline.java:488)
at java.base/java.util.stream.AbstractPipeline.wrapAndCopyInto(AbstractPipeline.java:474)
at java.base/java.util.stream.FindOps$FindOp.evaluateSequential(FindOps.java:150)
at java.base/java.util.stream.AbstractPipeline.evaluate(AbstractPipeline.java:234)
at java.base/java.util.stream.ReferencePipeline.findFirst(ReferencePipeline.java:647)
at org.openqa.selenium.remote.ProtocolHandshake.createSession(ProtocolHandshake.java:128)
at org.openqa.selenium.remote.ProtocolHandshake.createSession(ProtocolHandshake.java:74)
at org.openqa.selenium.remote.HttpCommandExecutor.execute(HttpCommandExecutor.java:139)
at org.openqa.selenium.remote.service.DriverCommandExecutor.execute(DriverCommandExecutor.java:83)
at org.openqa.selenium.remote.RemoteWebDriver.execute(RemoteWebDriver.java:577)
at org.openqa.selenium.remote.RemoteWebDriver.startSession(RemoteWebDriver.java:211)
at org.openqa.selenium.remote.RemoteWebDriver.<init>(RemoteWebDriver.java:131)
at org.openqa.selenium.chrome.ChromeDriver.<init>(ChromeDriver.java:189)
at org.openqa.selenium.chrome.ChromeDriver.<init>(ChromeDriver.java:176)
at org.openqa.selenium.chrome.ChromeDriver.<init>(ChromeDriver.java:131)
at baseClass.FullBase.chromeBrowserOn(FullBase.java:48)
at testng.ebay.start(ebay.java:15)
at java.base/jdk.internal.reflect.NativeMethodAccessorImpl.invoke0(Native Method)
at java.base/jdk.internal.reflect.NativeMethodAccessorImpl.invoke(NativeMethodAccessorImpl.java:78)
at java.base/jdk.internal.reflect.DelegatingMethodAccessorImpl.invoke(DelegatingMethodAccessorImpl.java:43)
at java.base/java.lang.reflect.Method.invoke(Method.java:567)
at org.testng.internal.MethodInvocationHelper.invokeMethod(MethodInvocationHelper.java:124)
at org.testng.internal.Invoker.invokeMethod(Invoker.java:583)
at org.testng.internal.Invoker.invokeTestMethod(Invoker.java:719)
at org.testng.internal.Invoker.invokeTestMethods(Invoker.java:989)
at org.testng.internal.TestMethodWorker.invokeTestMethods(TestMethodWorker.java:125)
at org.testng.internal.TestMethodWorker.run(TestMethodWorker.java:109)
at org.testng.TestRunner.privateRun(TestRunner.java:648)
at org.testng.TestRunner.run(TestRunner.java:505)
at org.testng.SuiteRunner.runTest(SuiteRunner.java:455)
at org.testng.SuiteRunner.runSequentially(SuiteRunner.java:450)
at org.testng.SuiteRunner.privateRun(SuiteRunner.java:415)
at org.testng.SuiteRunner.run(SuiteRunner.java:364)
at org.testng.SuiteRunnerWorker.runSuite(SuiteRunnerWorker.java:52)
at org.testng.SuiteRunnerWorker.run(SuiteRunnerWorker.java:84)
at org.testng.TestNG.runSuitesSequentially(TestNG.java:1208)
at org.testng.TestNG.runSuitesLocally(TestNG.java:1137)
at org.testng.TestNG.runSuites(TestNG.java:1049)
at org.testng.TestNG.run(TestNG.java:1017)
at org.testng.remote.AbstractRemoteTestNG.run(AbstractRemoteTestNG.java:115)
at org.testng.remote.RemoteTestNG.initAndRun(RemoteTestNG.java:251)
at org.testng.remote.RemoteTestNG.main(RemoteTestNG.java:77)
]]>
    </error>
  </testcase> <!-- start -->
  <testcase classname="testng.ebay" name="sample1">
    <skipped/>
  </testcase> <!-- sample1 -->
</testsuite> <!-- testng.ebay -->
